<?xml version="1.0" encoding="UTF-8"?>
<!-- Generated by org.testng.reporters.JUnitReportReporter -->
<testsuite skipped="0" hostname="Mohammeds-MBP.cable.rcn.com" name="maximo.myrunner.ZooplaRunner" tests="1" failures="0" timestamp="09 Oct 2021 23:38:10 GMT" time="28.124" errors="0">
  <testcase name="feature" time="28.124" classname="maximo.myrunner.ZooplaRunner"/>
</testsuite> <!-- maximo.myrunner.ZooplaRunner -->
