<?xml version="1.0" encoding="UTF-8"?>
<!-- Generated by org.testng.reporters.JUnitReportReporter -->
<testsuite skipped="0" hostname="Mohammeds-MBP.cable.rcn.com" name="maximo.myrunner.ZooplaRunner" tests="1" failures="0" timestamp="06 Oct 2021 22:48:28 GMT" time="13.707" errors="0">
  <testcase name="feature" time="13.707" classname="maximo.myrunner.ZooplaRunner"/>
</testsuite> <!-- maximo.myrunner.ZooplaRunner -->
